/*C6*/SET SCHEMA PUBLIC
INSERT INTO ANSWERS_TABLE VALUES(43,1,'A')
COMMIT
DISCONNECT
/*C7*/SET SCHEMA PUBLIC
INSERT INTO ANSWERS_TABLE VALUES(44,2,'B')
COMMIT
DISCONNECT
/*C8*/SET SCHEMA PUBLIC
INSERT INTO ANSWERS_TABLE VALUES(45,3,'D')
COMMIT
DISCONNECT
/*C9*/SET SCHEMA PUBLIC
INSERT INTO ANSWERS_TABLE VALUES(46,4,'E')
COMMIT
DISCONNECT
/*C10*/SET SCHEMA PUBLIC
DISCONNECT
/*C11*/SET SCHEMA PUBLIC
DELETE FROM ANSWERS_TABLE WHERE ID=31
DELETE FROM ANSWERS_TABLE WHERE ID=32
DELETE FROM ANSWERS_TABLE WHERE ID=33
DELETE FROM ANSWERS_TABLE WHERE ID=34
DELETE FROM ANSWERS_TABLE WHERE ID=35
DELETE FROM ANSWERS_TABLE WHERE ID=36
DELETE FROM ANSWERS_TABLE WHERE ID=37
DELETE FROM ANSWERS_TABLE WHERE ID=38
DELETE FROM ANSWERS_TABLE WHERE ID=39
DELETE FROM ANSWERS_TABLE WHERE ID=40
DELETE FROM ANSWERS_TABLE WHERE ID=41
DELETE FROM ANSWERS_TABLE WHERE ID=42
DELETE FROM ANSWERS_TABLE WHERE ID=43
DELETE FROM ANSWERS_TABLE WHERE ID=44
DELETE FROM ANSWERS_TABLE WHERE ID=45
DELETE FROM ANSWERS_TABLE WHERE ID=46
COMMIT
DISCONNECT
/*C12*/SET SCHEMA PUBLIC
DISCONNECT
